This file contains any messages produced by compilers while
running configure, to aid debugging if configure makes a mistake.

It was created by libnl-doc configure 3.5.0, which was
generated by GNU Autoconf 2.69.  Invocation command line was

  $ ../../doc/configure --disable-option-checking --prefix=/home/root/applications/danil/libnl-build/usr/local --cache-file=/dev/null --srcdir=../../doc

## --------- ##
## Platform. ##
## --------- ##

hostname = angtelos
uname -m = x86_64
uname -r = 5.8.0-rc6-1.g25ae237-default
uname -s = Linux
uname -v = #1 SMP Sun Jul 19 23:15:11 UTC 2020 (25ae237)

/usr/bin/uname -p = unknown
/bin/uname -X     = unknown

/bin/arch              = unknown
/usr/bin/arch -k       = unknown
/usr/convex/getsysinfo = unknown
/usr/bin/hostinfo      = unknown
/bin/machine           = unknown
/usr/bin/oslevel       = unknown
/bin/universe          = unknown

PATH: /usr/local/bin
PATH: /usr/bin
PATH: /bin
PATH: /usr/local/sbin
PATH: /usr/sbin
PATH: /sbin


## ----------- ##
## Core tests. ##
## ----------- ##

configure:1735: checking for a BSD-compatible install
configure:1803: result: /usr/local/bin/install -c
configure:1814: checking whether build environment is sane
configure:1829: result: yes
configure:1971: checking for a thread-safe mkdir -p
configure:2010: result: /bin/mkdir -p
configure:2017: checking for gawk
configure:2047: result: no
configure:2017: checking for mawk
configure:2047: result: no
configure:2017: checking for nawk
configure:2047: result: no
configure:2017: checking for awk
configure:2033: found /usr/local/bin/awk
configure:2044: result: awk
configure:2055: checking whether make sets $(MAKE)
configure:2077: result: yes
configure:2106: checking whether make supports nested variables
configure:2123: result: yes
configure:2140: error: source directory already configured; run "make distclean" there first

## ---------------- ##
## Cache variables. ##
## ---------------- ##

ac_cv_env_build_alias_set=''
ac_cv_env_build_alias_value=''
ac_cv_env_host_alias_set=''
ac_cv_env_host_alias_value=''
ac_cv_env_target_alias_set=''
ac_cv_env_target_alias_value=''
ac_cv_path_install='/usr/local/bin/install -c'
ac_cv_path_mkdir='/bin/mkdir'
ac_cv_prog_AWK='awk'
ac_cv_prog_make_make_set='yes'
am_cv_make_support_nested_variables='yes'

## ----------------- ##
## Output variables. ##
## ----------------- ##

ACLOCAL=''
AMTAR=''
AM_BACKSLASH='\'
AM_DEFAULT_V='$(AM_DEFAULT_VERBOSITY)'
AM_DEFAULT_VERBOSITY='1'
AM_V='$(V)'
AUTOCONF=''
AUTOHEADER=''
AUTOMAKE=''
AWK='awk'
CYGPATH_W=''
DEFS=''
ECHO_C=''
ECHO_N='-n'
ECHO_T=''
EGREP=''
GENERATE_DOC_FALSE=''
GENERATE_DOC_TRUE=''
GREP=''
HAVE_ASCIIDOC=''
HAVE_ASCIIDOC_FALSE=''
HAVE_ASCIIDOC_TRUE=''
HAVE_DOT=''
HAVE_DOXYGEN=''
HAVE_DOXYGEN_FALSE=''
HAVE_DOXYGEN_TRUE=''
HAVE_MSCGEN=''
HAVE_PYGMENTIZE=''
HAVE_PYTHON=''
HAVE_SOURCE_HIGHLIGHT=''
INSTALL_DATA='${INSTALL} -m 644'
INSTALL_PROGRAM='${INSTALL}'
INSTALL_SCRIPT='${INSTALL}'
INSTALL_STRIP_PROGRAM='$(install_sh) -c -s'
LIBOBJS=''
LIBS=''
LINK_DOC_FALSE=''
LINK_DOC_TRUE=''
LTLIBOBJS=''
MAKEINFO=''
MKDIR_P='/bin/mkdir -p'
PACKAGE=''
PACKAGE_BUGREPORT='http://www.infradead.org/~tgr/libnl/'
PACKAGE_NAME='libnl-doc'
PACKAGE_STRING='libnl-doc 3.5.0'
PACKAGE_TARNAME='libnl-doc'
PACKAGE_URL=''
PACKAGE_VERSION='3.5.0'
PATH_SEPARATOR=':'
SED=''
SET_MAKE=''
SHELL='/bin/sh'
STRIP=''
VERSION=''
am__isrc=' -I$(srcdir)'
am__leading_dot='.'
am__tar=''
am__untar=''
bindir='${exec_prefix}/bin'
build_alias=''
datadir='${datarootdir}'
datarootdir='${prefix}/share'
docdir='${datarootdir}/doc/${PACKAGE_TARNAME}'
dvidir='${docdir}'
exec_prefix='NONE'
host_alias=''
htmldir='${docdir}'
includedir='${prefix}/include'
infodir='${datarootdir}/info'
install_sh='${SHELL} /home/root/applications/danil/libnl-master/doc/build-aux/install-sh'
libdir='${exec_prefix}/lib'
libexecdir='${exec_prefix}/libexec'
localedir='${datarootdir}/locale'
localstatedir='${prefix}/var'
mandir='${datarootdir}/man'
mkdir_p=''
oldincludedir='/usr/include'
pdfdir='${docdir}'
prefix='/home/root/applications/danil/libnl-build/usr/local'
program_transform_name='s,x,x,'
psdir='${docdir}'
sbindir='${exec_prefix}/sbin'
sharedstatedir='${prefix}/com'
sysconfdir='${prefix}/etc'
target_alias=''

## ----------- ##
## confdefs.h. ##
## ----------- ##

/* confdefs.h */
#define PACKAGE_NAME "libnl-doc"
#define PACKAGE_TARNAME "libnl-doc"
#define PACKAGE_VERSION "3.5.0"
#define PACKAGE_STRING "libnl-doc 3.5.0"
#define PACKAGE_BUGREPORT "http://www.infradead.org/~tgr/libnl/"
#define PACKAGE_URL ""

configure: exit 1
