This file contains any messages produced by compilers while
running configure, to aid debugging if configure makes a mistake.

It was created by libnl configure 3.5.0, which was
generated by GNU Autoconf 2.69.  Invocation command line was

  $ ../configure --prefix=/home/root/applications/danil/libnl-build/usr/local

## --------- ##
## Platform. ##
## --------- ##

hostname = angtelos
uname -m = x86_64
uname -r = 5.8.0-rc6-1.g25ae237-default
uname -s = Linux
uname -v = #1 SMP Sun Jul 19 23:15:11 UTC 2020 (25ae237)

/usr/bin/uname -p = unknown
/bin/uname -X     = unknown

/bin/arch              = unknown
/usr/bin/arch -k       = unknown
/usr/convex/getsysinfo = unknown
/usr/bin/hostinfo      = unknown
/bin/machine           = unknown
/usr/bin/oslevel       = unknown
/bin/universe          = unknown

PATH: /usr/local/bin
PATH: /usr/bin
PATH: /bin
PATH: /usr/local/sbin
PATH: /usr/sbin
PATH: /sbin


## ----------- ##
## Core tests. ##
## ----------- ##

configure:2269: checking for a BSD-compatible install
configure:2337: result: /usr/local/bin/install -c
configure:2348: checking whether build environment is sane
configure:2363: result: yes
configure:2505: checking for a thread-safe mkdir -p
configure:2544: result: /bin/mkdir -p
configure:2551: checking for gawk
configure:2581: result: no
configure:2551: checking for mawk
configure:2581: result: no
configure:2551: checking for nawk
configure:2581: result: no
configure:2551: checking for awk
configure:2567: found /usr/local/bin/awk
configure:2578: result: awk
configure:2589: checking whether make sets $(MAKE)
configure:2611: result: yes
configure:2640: checking whether make supports nested variables
configure:2657: result: yes
configure:2794: checking whether make supports nested variables
configure:2811: result: yes
configure:2826: checking whether make supports the include directive
configure:2841: make -f confmf.GNU && cat confinc.out
this is the am__doit target
configure:2844: $? = 0
configure:2863: result: yes (GNU style)
configure:2933: checking for gcc
configure:2949: found /usr/local/bin/gcc
configure:2960: result: gcc
configure:3189: checking for C compiler version
configure:3198: gcc --version >&5
gcc (GCC) 9.2.0
Copyright (C) 2019 Free Software Foundation, Inc.
This is free software; see the source for copying conditions.  There is NO
warranty; not even for MERCHANTABILITY or FITNESS FOR A PARTICULAR PURPOSE.

configure:3209: $? = 0
configure:3198: gcc -v >&5
Using built-in specs.
COLLECT_GCC=gcc
COLLECT_LTO_WRAPPER=/usr/libexec/gcc/x86_64-oe-linux-musl/9.2.0/lto-wrapper
Target: x86_64-oe-linux-musl
Configured with: ../../../../../../work-shared/gcc-9.2.0-r0/gcc-9.2.0/configure --build=x86_64-linux --host=x86_64-oe-linux-musl --target=x86_64-oe-linux-musl --prefix=/usr --exec_prefix=/usr --bindir=/usr/bin --sbindir=/usr/sbin --libexecdir=/usr/libexec --datadir=/usr/share --sysconfdir=/etc --sharedstatedir=/com --localstatedir=/var --libdir=/usr/lib --includedir=/usr/include --oldincludedir=/usr/include --infodir=/usr/share/info --mandir=/usr/share/man --disable-silent-rules --disable-dependency-tracking --with-libtool-sysroot=/home/pavel/projects/sdks/oe-build-x86_64/tmp-musl/work/x86_64-oe-linux-musl/gcc/9.2.0-r0/recipe-sysroot --with-gnu-ld --enable-shared --enable-languages=c,c++ --enable-threads=posix --enable-multilib --enable-c99 --enable-long-long --enable-symvers=gnu --enable-libstdcxx-pch --program-prefix=x86_64-oe-linux-musl- --without-local-prefix --enable-lto --disable-libssp --enable-libitm --disable-bootstrap --disable-libmudflap --with-system-zlib --with-linker-hash-style=gnu --enable-linker-build-id --with-ppl=no --with-cloog=no --enable-checking=release --enable-cheaders=c_global --without-isl --with-build-sysroot=/home/pavel/projects/sdks/oe-build-x86_64/tmp-musl/work/x86_64-oe-linux-musl/gcc/9.2.0-r0/recipe-sysroot --enable-nls --enable-initfini-array
Thread model: posix
gcc version 9.2.0 (GCC) 
configure:3209: $? = 0
configure:3198: gcc -V >&5
gcc: error: unrecognized command line option '-V'
gcc: fatal error: no input files
compilation terminated.
configure:3209: $? = 1
configure:3198: gcc -qversion >&5
gcc: error: unrecognized command line option '-qversion'; did you mean '--version'?
gcc: fatal error: no input files
compilation terminated.
configure:3209: $? = 1
configure:3229: checking whether the C compiler works
configure:3251: gcc    conftest.c  >&5
configure:3255: $? = 0
configure:3303: result: yes
configure:3306: checking for C compiler default output file name
configure:3308: result: a.out
configure:3314: checking for suffix of executables
configure:3321: gcc -o conftest    conftest.c  >&5
configure:3325: $? = 0
configure:3347: result: 
configure:3369: checking whether we are cross compiling
configure:3377: gcc -o conftest    conftest.c  >&5
configure:3381: $? = 0
configure:3388: ./conftest
configure:3392: $? = 0
configure:3407: result: no
configure:3412: checking for suffix of object files
configure:3434: gcc -c   conftest.c >&5
configure:3438: $? = 0
configure:3459: result: o
configure:3463: checking whether we are using the GNU C compiler
configure:3482: gcc -c   conftest.c >&5
configure:3482: $? = 0
configure:3491: result: yes
configure:3500: checking whether gcc accepts -g
configure:3520: gcc -c -g  conftest.c >&5
configure:3520: $? = 0
configure:3561: result: yes
configure:3578: checking for gcc option to accept ISO C89
configure:3641: gcc  -c -g -O2  conftest.c >&5
configure:3641: $? = 0
configure:3654: result: none needed
configure:3679: checking whether gcc understands -c and -o together
configure:3701: gcc -c conftest.c -o conftest2.o
configure:3704: $? = 0
configure:3701: gcc -c conftest.c -o conftest2.o
configure:3704: $? = 0
configure:3716: result: yes
configure:3735: checking dependency style of gcc
configure:3846: result: gcc3
configure:3911: checking for ar
configure:3927: found /usr/local/bin/ar
configure:3938: result: ar
configure:3964: checking the archiver (ar) interface
configure:3980: gcc -c -g -O2  conftest.c >&5
configure:3980: $? = 0
configure:3982: ar cru libconftest.a conftest.o >&5
ar: `u' modifier ignored since `D' is the default (see `U')
configure:3985: $? = 0
configure:4013: result: ar
configure:4099: checking for gcc
configure:4126: result: gcc
configure:4355: checking for C compiler version
configure:4364: gcc --version >&5
gcc (GCC) 9.2.0
Copyright (C) 2019 Free Software Foundation, Inc.
This is free software; see the source for copying conditions.  There is NO
warranty; not even for MERCHANTABILITY or FITNESS FOR A PARTICULAR PURPOSE.

configure:4375: $? = 0
configure:4364: gcc -v >&5
Using built-in specs.
COLLECT_GCC=gcc
COLLECT_LTO_WRAPPER=/usr/libexec/gcc/x86_64-oe-linux-musl/9.2.0/lto-wrapper
Target: x86_64-oe-linux-musl
Configured with: ../../../../../../work-shared/gcc-9.2.0-r0/gcc-9.2.0/configure --build=x86_64-linux --host=x86_64-oe-linux-musl --target=x86_64-oe-linux-musl --prefix=/usr --exec_prefix=/usr --bindir=/usr/bin --sbindir=/usr/sbin --libexecdir=/usr/libexec --datadir=/usr/share --sysconfdir=/etc --sharedstatedir=/com --localstatedir=/var --libdir=/usr/lib --includedir=/usr/include --oldincludedir=/usr/include --infodir=/usr/share/info --mandir=/usr/share/man --disable-silent-rules --disable-dependency-tracking --with-libtool-sysroot=/home/pavel/projects/sdks/oe-build-x86_64/tmp-musl/work/x86_64-oe-linux-musl/gcc/9.2.0-r0/recipe-sysroot --with-gnu-ld --enable-shared --enable-languages=c,c++ --enable-threads=posix --enable-multilib --enable-c99 --enable-long-long --enable-symvers=gnu --enable-libstdcxx-pch --program-prefix=x86_64-oe-linux-musl- --without-local-prefix --enable-lto --disable-libssp --enable-libitm --disable-bootstrap --disable-libmudflap --with-system-zlib --with-linker-hash-style=gnu --enable-linker-build-id --with-ppl=no --with-cloog=no --enable-checking=release --enable-cheaders=c_global --without-isl --with-build-sysroot=/home/pavel/projects/sdks/oe-build-x86_64/tmp-musl/work/x86_64-oe-linux-musl/gcc/9.2.0-r0/recipe-sysroot --enable-nls --enable-initfini-array
Thread model: posix
gcc version 9.2.0 (GCC) 
configure:4375: $? = 0
configure:4364: gcc -V >&5
gcc: error: unrecognized command line option '-V'
gcc: fatal error: no input files
compilation terminated.
configure:4375: $? = 1
configure:4364: gcc -qversion >&5
gcc: error: unrecognized command line option '-qversion'; did you mean '--version'?
gcc: fatal error: no input files
compilation terminated.
configure:4375: $? = 1
configure:4379: checking whether we are using the GNU C compiler
configure:4407: result: yes
configure:4416: checking whether gcc accepts -g
configure:4477: result: yes
configure:4494: checking for gcc option to accept ISO C89
configure:4570: result: none needed
configure:4595: checking whether gcc understands -c and -o together
configure:4632: result: yes
configure:4651: checking dependency style of gcc
configure:4762: result: gcc3
configure:4808: checking build system type
configure:4822: result: x86_64-pc-linux-musl
configure:4842: checking host system type
configure:4855: result: x86_64-pc-linux-musl
configure:4896: checking how to print strings
configure:4923: result: printf
configure:4944: checking for a sed that does not truncate output
configure:5008: result: /bin/sed
configure:5026: checking for grep that handles long lines and -e
configure:5084: result: /bin/grep
configure:5089: checking for egrep
configure:5151: result: /bin/grep -E
configure:5156: checking for fgrep
configure:5218: result: /bin/grep -F
configure:5253: checking for ld used by gcc
configure:5320: result: /usr/x86_64-oe-linux-musl/bin/ld
configure:5327: checking if the linker (/usr/x86_64-oe-linux-musl/bin/ld) is GNU ld
configure:5342: result: yes
configure:5354: checking for BSD- or MS-compatible name lister (nm)
configure:5408: result: /usr/local/bin/nm -B
configure:5538: checking the name lister (/usr/local/bin/nm -B) interface
configure:5545: gcc -c -g -O2  conftest.c >&5
configure:5548: /usr/local/bin/nm -B "conftest.o"
configure:5551: output
0000000000000000 B some_variable
configure:5558: result: BSD nm
configure:5561: checking whether ln -s works
configure:5565: result: yes
configure:5573: checking the maximum length of command line arguments
configure:5704: result: 32768
configure:5752: checking how to convert x86_64-pc-linux-musl file names to x86_64-pc-linux-musl format
configure:5792: result: func_convert_file_noop
configure:5799: checking how to convert x86_64-pc-linux-musl file names to toolchain format
configure:5819: result: func_convert_file_noop
configure:5826: checking for /usr/x86_64-oe-linux-musl/bin/ld option to reload object files
configure:5833: result: -r
configure:5907: checking for objdump
configure:5923: found /usr/local/bin/objdump
configure:5934: result: objdump
configure:5966: checking how to recognize dependent libraries
configure:6166: result: pass_all
configure:6251: checking for dlltool
configure:6281: result: no
configure:6311: checking how to associate runtime and link libraries
configure:6338: result: printf %s\n
configure:6462: checking for archiver @FILE support
configure:6479: gcc -c -g -O2  conftest.c >&5
configure:6479: $? = 0
configure:6482: ar cru libconftest.a @conftest.lst >&5
ar: `u' modifier ignored since `D' is the default (see `U')
configure:6485: $? = 0
configure:6490: ar cru libconftest.a @conftest.lst >&5
ar: `u' modifier ignored since `D' is the default (see `U')
ar: conftest.o: No such file or directory
configure:6493: $? = 1
configure:6505: result: @
configure:6563: checking for strip
configure:6579: found /usr/local/bin/strip
configure:6590: result: strip
configure:6662: checking for ranlib
configure:6678: found /usr/local/bin/ranlib
configure:6689: result: ranlib
configure:6791: checking command to parse /usr/local/bin/nm -B output from gcc object
configure:6944: gcc -c -g -O2  conftest.c >&5
configure:6947: $? = 0
configure:6951: /usr/local/bin/nm -B conftest.o \| sed -n -e 's/^.*[ ]\([ABCDGIRSTW][ABCDGIRSTW]*\)[ ][ ]*\([_A-Za-z][_A-Za-z0-9]*\)$/  /p' | sed '/ __gnu_lto/d' \> conftest.nm
configure:6954: $? = 0
configure:7020: gcc -o conftest -g -O2   conftest.c conftstm.o >&5
configure:7023: $? = 0
configure:7061: result: ok
configure:7108: checking for sysroot
configure:7143: result: no
configure:7150: checking for a working dd
configure:7188: result: /bin/dd
configure:7192: checking how to truncate binary pipes
configure:7207: result: /bin/dd bs=4096 count=1
configure:7343: gcc -c -g -O2  conftest.c >&5
configure:7346: $? = 0
configure:7536: checking for mt
configure:7566: result: no
configure:7586: checking if : is a manifest tool
configure:7592: : '-?'
configure:7600: result: no
configure:8277: checking how to run the C preprocessor
configure:8308: gcc -E  conftest.c
configure:8308: $? = 0
configure:8322: gcc -E  conftest.c
conftest.c:11:10: fatal error: ac_nonexistent.h: No such file or directory
   11 | #include <ac_nonexistent.h>
      |          ^~~~~~~~~~~~~~~~~~
compilation terminated.
configure:8322: $? = 1
configure: failed program was:
| /* confdefs.h */
| #define PACKAGE_NAME "libnl"
| #define PACKAGE_TARNAME "libnl"
| #define PACKAGE_VERSION "3.5.0"
| #define PACKAGE_STRING "libnl 3.5.0"
| #define PACKAGE_BUGREPORT ""
| #define PACKAGE_URL "http://www.infradead.org/~tgr/libnl/"
| #define PACKAGE "libnl"
| #define VERSION "3.5.0"
| /* end confdefs.h.  */
| #include <ac_nonexistent.h>
configure:8347: result: gcc -E
configure:8367: gcc -E  conftest.c
configure:8367: $? = 0
configure:8381: gcc -E  conftest.c
conftest.c:11:10: fatal error: ac_nonexistent.h: No such file or directory
   11 | #include <ac_nonexistent.h>
      |          ^~~~~~~~~~~~~~~~~~
compilation terminated.
configure:8381: $? = 1
configure: failed program was:
| /* confdefs.h */
| #define PACKAGE_NAME "libnl"
| #define PACKAGE_TARNAME "libnl"
| #define PACKAGE_VERSION "3.5.0"
| #define PACKAGE_STRING "libnl 3.5.0"
| #define PACKAGE_BUGREPORT ""
| #define PACKAGE_URL "http://www.infradead.org/~tgr/libnl/"
| #define PACKAGE "libnl"
| #define VERSION "3.5.0"
| /* end confdefs.h.  */
| #include <ac_nonexistent.h>
configure:8410: checking for ANSI C header files
configure:8430: gcc -c -g -O2  conftest.c >&5
configure:8430: $? = 0
configure:8503: gcc -o conftest -g -O2   conftest.c  >&5
configure:8503: $? = 0
configure:8503: ./conftest
configure:8503: $? = 0
configure:8514: result: yes
configure:8527: checking for sys/types.h
configure:8527: gcc -c -g -O2  conftest.c >&5
configure:8527: $? = 0
configure:8527: result: yes
configure:8527: checking for sys/stat.h
configure:8527: gcc -c -g -O2  conftest.c >&5
configure:8527: $? = 0
configure:8527: result: yes
configure:8527: checking for stdlib.h
configure:8527: gcc -c -g -O2  conftest.c >&5
configure:8527: $? = 0
configure:8527: result: yes
configure:8527: checking for string.h
configure:8527: gcc -c -g -O2  conftest.c >&5
configure:8527: $? = 0
configure:8527: result: yes
configure:8527: checking for memory.h
configure:8527: gcc -c -g -O2  conftest.c >&5
configure:8527: $? = 0
configure:8527: result: yes
configure:8527: checking for strings.h
configure:8527: gcc -c -g -O2  conftest.c >&5
configure:8527: $? = 0
configure:8527: result: yes
configure:8527: checking for inttypes.h
configure:8527: gcc -c -g -O2  conftest.c >&5
configure:8527: $? = 0
configure:8527: result: yes
configure:8527: checking for stdint.h
configure:8527: gcc -c -g -O2  conftest.c >&5
configure:8527: $? = 0
configure:8527: result: yes
configure:8527: checking for unistd.h
configure:8527: gcc -c -g -O2  conftest.c >&5
configure:8527: $? = 0
configure:8527: result: yes
configure:8541: checking for dlfcn.h
configure:8541: gcc -c -g -O2  conftest.c >&5
configure:8541: $? = 0
configure:8541: result: yes
configure:8797: checking for objdir
configure:8812: result: .libs
configure:9076: checking if gcc supports -fno-rtti -fno-exceptions
configure:9094: gcc -c -g -O2  -fno-rtti -fno-exceptions conftest.c >&5
cc1: warning: command line option '-fno-rtti' is valid for C++/D/ObjC++ but not for C
configure:9098: $? = 0
configure:9111: result: no
configure:9469: checking for gcc option to produce PIC
configure:9476: result: -fPIC -DPIC
configure:9484: checking if gcc PIC flag -fPIC -DPIC works
configure:9502: gcc -c -g -O2  -fPIC -DPIC -DPIC conftest.c >&5
configure:9506: $? = 0
configure:9519: result: yes
configure:9548: checking if gcc static flag -static works
configure:9576: result: no
configure:9591: checking if gcc supports -c -o file.o
configure:9612: gcc -c -g -O2  -o out/conftest2.o conftest.c >&5
configure:9616: $? = 0
configure:9638: result: yes
configure:9646: checking if gcc supports -c -o file.o
configure:9693: result: yes
configure:9726: checking whether the gcc linker (/usr/x86_64-oe-linux-musl/bin/ld -m elf_x86_64) supports shared libraries
configure:10985: result: yes
configure:11022: checking whether -lc should be explicitly linked in
configure:11030: gcc -c -g -O2  conftest.c >&5
configure:11033: $? = 0
configure:11048: gcc -shared  -fPIC -DPIC conftest.o  -v -Wl,-soname -Wl,conftest -o conftest 2\>\&1 \| /bin/grep  -lc  \>/dev/null 2\>\&1
configure:11051: $? = 0
configure:11065: result: no
configure:11225: checking dynamic linker characteristics
configure:11806: gcc -o conftest -g -O2   -Wl,-rpath -Wl,/foo conftest.c  >&5
configure:11806: $? = 0
configure:12043: result: GNU/Linux ld.so
configure:12165: checking how to hardcode library paths into programs
configure:12190: result: immediate
configure:12738: checking whether stripping libraries is possible
configure:12743: result: yes
configure:12778: checking if libtool supports shared libraries
configure:12780: result: yes
configure:12783: checking whether to build shared libraries
configure:12808: result: yes
configure:12811: checking whether to build static libraries
configure:12815: result: yes
configure:12857: checking for flex
configure:12873: found /usr/local/bin/flex
configure:12884: result: flex
configure:12899: checking for bison
configure:12915: found /usr/local/bin/bison
configure:12926: result: bison -y
configure:12938: checking for an ANSI C-conforming const
configure:13004: gcc -c -g -O2  conftest.c >&5
configure:13004: $? = 0
configure:13011: result: yes
configure:13019: checking for inline
configure:13035: gcc -c -g -O2  conftest.c >&5
configure:13035: $? = 0
configure:13043: result: inline
configure:13116: checking for pkg-config
configure:13134: found /usr/local/bin/pkg-config
configure:13146: result: /usr/local/bin/pkg-config
configure:13171: checking pkg-config is at least version 0.9.0
configure:13174: result: yes
configure:13184: checking for check >= 0.9.0
configure:13191: $PKG_CONFIG --exists --print-errors "check >= 0.9.0"
Package check was not found in the pkg-config search path.
Perhaps you should add the directory containing `check.pc'
to the PKG_CONFIG_PATH environment variable
No package 'check' found
configure:13194: $? = 1
configure:13208: $PKG_CONFIG --exists --print-errors "check >= 0.9.0"
Package check was not found in the pkg-config search path.
Perhaps you should add the directory containing `check.pc'
to the PKG_CONFIG_PATH environment variable
No package 'check' found
configure:13211: $? = 1
configure:13225: result: no
No package 'check' found
configure:13241: WARNING: *** Disabling building of unit tests
configure:13315: checking for dlfcn.h
configure:13315: result: yes
configure:13346: checking for pthread_mutex_lock in -lpthread
configure:13371: gcc -o conftest -g -O2   conftest.c -lpthread   >&5
configure:13371: $? = 0
configure:13380: result: yes
configure:13415: checking for strerror_l
configure:13415: gcc -o conftest -g -O2   conftest.c -lpthread  >&5
configure:13415: $? = 0
configure:13415: result: yes
configure:13597: creating ./config.status

## ---------------------- ##
## Running config.status. ##
## ---------------------- ##

This file was extended by libnl config.status 3.5.0, which was
generated by GNU Autoconf 2.69.  Invocation command line was

  CONFIG_FILES    = 
  CONFIG_HEADERS  = 
  CONFIG_LINKS    = 
  CONFIG_COMMANDS = 
  $ ./config.status 

on angtelos

config.status:1091: creating Makefile
config.status:1091: creating libnl-3.0.pc
config.status:1091: creating libnl-route-3.0.pc
config.status:1091: creating libnl-genl-3.0.pc
config.status:1091: creating libnl-nf-3.0.pc
config.status:1091: creating libnl-cli-3.0.pc
config.status:1091: creating libnl-xfrm-3.0.pc
config.status:1091: creating libnl-idiag-3.0.pc
config.status:1091: creating python/setup.py
config.status:1091: creating include/netlink/version.h
config.status:1091: creating lib/defs.h
config.status:1305: executing depfiles commands
config.status:1380: cd .       && sed -e '/# am--include-marker/d' Makefile         | make -f - am--depfiles
config.status:1387: $? = 0
config.status:1305: executing libtool commands
configure:15784: === configuring in doc (/home/root/applications/danil/libnl-master/.build-x86/doc)
configure:15847: running /bin/sh ../../doc/configure --disable-option-checking '--prefix=/home/root/applications/danil/libnl-build/usr/local'  --cache-file=/dev/null --srcdir=../../doc
configure:15852: error: ../../doc/configure failed for doc

## ---------------- ##
## Cache variables. ##
## ---------------- ##

ac_cv_build='x86_64-pc-linux-musl'
ac_cv_c_compiler_gnu='yes'
ac_cv_c_const='yes'
ac_cv_c_inline='inline'
ac_cv_env_CC_set=''
ac_cv_env_CC_value=''
ac_cv_env_CFLAGS_set=''
ac_cv_env_CFLAGS_value=''
ac_cv_env_CHECK_CFLAGS_set=''
ac_cv_env_CHECK_CFLAGS_value=''
ac_cv_env_CHECK_LIBS_set=''
ac_cv_env_CHECK_LIBS_value=''
ac_cv_env_CPPFLAGS_set=''
ac_cv_env_CPPFLAGS_value=''
ac_cv_env_CPP_set=''
ac_cv_env_CPP_value=''
ac_cv_env_LDFLAGS_set=''
ac_cv_env_LDFLAGS_value=''
ac_cv_env_LIBS_set=''
ac_cv_env_LIBS_value=''
ac_cv_env_LT_SYS_LIBRARY_PATH_set=''
ac_cv_env_LT_SYS_LIBRARY_PATH_value=''
ac_cv_env_PKG_CONFIG_LIBDIR_set=''
ac_cv_env_PKG_CONFIG_LIBDIR_value=''
ac_cv_env_PKG_CONFIG_PATH_set=''
ac_cv_env_PKG_CONFIG_PATH_value=''
ac_cv_env_PKG_CONFIG_set=''
ac_cv_env_PKG_CONFIG_value=''
ac_cv_env_build_alias_set=''
ac_cv_env_build_alias_value=''
ac_cv_env_host_alias_set=''
ac_cv_env_host_alias_value=''
ac_cv_env_target_alias_set=''
ac_cv_env_target_alias_value=''
ac_cv_func_strerror_l='yes'
ac_cv_header_dlfcn_h='yes'
ac_cv_header_inttypes_h='yes'
ac_cv_header_memory_h='yes'
ac_cv_header_stdc='yes'
ac_cv_header_stdint_h='yes'
ac_cv_header_stdlib_h='yes'
ac_cv_header_string_h='yes'
ac_cv_header_strings_h='yes'
ac_cv_header_sys_stat_h='yes'
ac_cv_header_sys_types_h='yes'
ac_cv_header_unistd_h='yes'
ac_cv_host='x86_64-pc-linux-musl'
ac_cv_lib_pthread_pthread_mutex_lock='yes'
ac_cv_objext='o'
ac_cv_path_EGREP='/bin/grep -E'
ac_cv_path_FGREP='/bin/grep -F'
ac_cv_path_GREP='/bin/grep'
ac_cv_path_SED='/bin/sed'
ac_cv_path_ac_pt_PKG_CONFIG='/usr/local/bin/pkg-config'
ac_cv_path_install='/usr/local/bin/install -c'
ac_cv_path_lt_DD='/bin/dd'
ac_cv_path_mkdir='/bin/mkdir'
ac_cv_prog_AWK='awk'
ac_cv_prog_CPP='gcc -E'
ac_cv_prog_FLEX='flex'
ac_cv_prog_YACC='bison -y'
ac_cv_prog_ac_ct_AR='ar'
ac_cv_prog_ac_ct_CC='gcc'
ac_cv_prog_ac_ct_OBJDUMP='objdump'
ac_cv_prog_ac_ct_RANLIB='ranlib'
ac_cv_prog_ac_ct_STRIP='strip'
ac_cv_prog_cc_c89=''
ac_cv_prog_cc_g='yes'
ac_cv_prog_make_make_set='yes'
am_cv_CC_dependencies_compiler_type='gcc3'
am_cv_ar_interface='ar'
am_cv_make_support_nested_variables='yes'
am_cv_prog_cc_c_o='yes'
lt_cv_ar_at_file='@'
lt_cv_archive_cmds_need_lc='no'
lt_cv_deplibs_check_method='pass_all'
lt_cv_file_magic_cmd='$MAGIC_CMD'
lt_cv_file_magic_test_file=''
lt_cv_ld_reload_flag='-r'
lt_cv_nm_interface='BSD nm'
lt_cv_objdir='.libs'
lt_cv_path_LD='/usr/x86_64-oe-linux-musl/bin/ld'
lt_cv_path_NM='/usr/local/bin/nm -B'
lt_cv_path_mainfest_tool='no'
lt_cv_prog_compiler_c_o='yes'
lt_cv_prog_compiler_pic='-fPIC -DPIC'
lt_cv_prog_compiler_pic_works='yes'
lt_cv_prog_compiler_rtti_exceptions='no'
lt_cv_prog_compiler_static_works='no'
lt_cv_prog_gnu_ld='yes'
lt_cv_sharedlib_from_linklib_cmd='printf %s\n'
lt_cv_shlibpath_overrides_runpath='no'
lt_cv_sys_global_symbol_pipe='sed -n -e '"'"'s/^.*[	 ]\([ABCDGIRSTW][ABCDGIRSTW]*\)[	 ][	 ]*\([_A-Za-z][_A-Za-z0-9]*\)$/\1 \2 \2/p'"'"' | sed '"'"'/ __gnu_lto/d'"'"
lt_cv_sys_global_symbol_to_c_name_address='sed -n -e '"'"'s/^: \(.*\) .*$/  {"\1", (void *) 0},/p'"'"' -e '"'"'s/^[ABCDGIRSTW][ABCDGIRSTW]* .* \(.*\)$/  {"\1", (void *) \&\1},/p'"'"
lt_cv_sys_global_symbol_to_c_name_address_lib_prefix='sed -n -e '"'"'s/^: \(.*\) .*$/  {"\1", (void *) 0},/p'"'"' -e '"'"'s/^[ABCDGIRSTW][ABCDGIRSTW]* .* \(lib.*\)$/  {"\1", (void *) \&\1},/p'"'"' -e '"'"'s/^[ABCDGIRSTW][ABCDGIRSTW]* .* \(.*\)$/  {"lib\1", (void *) \&\1},/p'"'"
lt_cv_sys_global_symbol_to_cdecl='sed -n -e '"'"'s/^T .* \(.*\)$/extern int \1();/p'"'"' -e '"'"'s/^[ABCDGIRSTW][ABCDGIRSTW]* .* \(.*\)$/extern char \1;/p'"'"
lt_cv_sys_global_symbol_to_import=''
lt_cv_sys_max_cmd_len='32768'
lt_cv_to_host_file_cmd='func_convert_file_noop'
lt_cv_to_tool_file_cmd='func_convert_file_noop'
lt_cv_truncate_bin='/bin/dd bs=4096 count=1'

## ----------------- ##
## Output variables. ##
## ----------------- ##

ACLOCAL='${SHELL} /home/root/applications/danil/libnl-master/build-aux/missing aclocal-1.16'
AMDEPBACKSLASH='\'
AMDEP_FALSE='#'
AMDEP_TRUE=''
AMTAR='$${TAR-tar}'
AM_BACKSLASH='\'
AM_DEFAULT_V='$(AM_DEFAULT_VERBOSITY)'
AM_DEFAULT_VERBOSITY='0'
AM_V='$(V)'
AR='ar'
AUTOCONF='${SHELL} /home/root/applications/danil/libnl-master/build-aux/missing autoconf'
AUTOHEADER='${SHELL} /home/root/applications/danil/libnl-master/build-aux/missing autoheader'
AUTOMAKE='${SHELL} /home/root/applications/danil/libnl-master/build-aux/missing automake-1.16'
AWK='awk'
CC='gcc'
CCDEPMODE='depmode=gcc3'
CFLAGS='-g -O2'
CHECK_CFLAGS=''
CHECK_LIBS=''
CPP='gcc -E'
CPPFLAGS=''
CYGPATH_W='echo'
DEFS='-DHAVE_CONFIG_H'
DEPDIR='.deps'
DISABLE_PTHREADS_FALSE=''
DISABLE_PTHREADS_TRUE='#'
DLLTOOL='false'
DSYMUTIL=''
DUMPBIN=''
ECHO_C=''
ECHO_N='-n'
ECHO_T=''
EGREP='/bin/grep -E'
ENABLE_CLI_FALSE='#'
ENABLE_CLI_INSTALL_BIN_FALSE='#'
ENABLE_CLI_INSTALL_BIN_TRUE=''
ENABLE_CLI_INSTALL_SBIN_FALSE=''
ENABLE_CLI_INSTALL_SBIN_TRUE='#'
ENABLE_CLI_TRUE=''
EXEEXT=''
FGREP='/bin/grep -F'
FLEX='flex'
GREP='/bin/grep'
INSTALL_DATA='${INSTALL} -m 644'
INSTALL_PROGRAM='${INSTALL}'
INSTALL_SCRIPT='${INSTALL}'
INSTALL_STRIP_PROGRAM='$(install_sh) -c -s'
LD='/usr/x86_64-oe-linux-musl/bin/ld -m elf_x86_64'
LDFLAGS=''
LIBNL_VERSION='3.5.0'
LIBOBJS=''
LIBS='-lpthread '
LIBTOOL='$(SHELL) $(top_builddir)/libtool'
LIPO=''
LN_S='ln -s'
LTLIBOBJS=''
LT_AGE='26'
LT_CURRENT='226'
LT_REVISION='0'
LT_SYS_LIBRARY_PATH=''
MAJ_VERSION='3'
MAKEINFO='${SHELL} /home/root/applications/danil/libnl-master/build-aux/missing makeinfo'
MANIFEST_TOOL=':'
MIC_VERSION='0'
MIN_VERSION='5'
MKDIR_P='/bin/mkdir -p'
NM='/usr/local/bin/nm -B'
NMEDIT=''
OBJDUMP='objdump'
OBJEXT='o'
OTOOL64=''
OTOOL=''
PACKAGE='libnl'
PACKAGE_BUGREPORT=''
PACKAGE_NAME='libnl'
PACKAGE_STRING='libnl 3.5.0'
PACKAGE_TARNAME='libnl'
PACKAGE_URL='http://www.infradead.org/~tgr/libnl/'
PACKAGE_VERSION='3.5.0'
PATH_SEPARATOR=':'
PKG_CONFIG='/usr/local/bin/pkg-config'
PKG_CONFIG_LIBDIR=''
PKG_CONFIG_PATH=''
RANLIB='ranlib'
SED='/bin/sed'
SET_MAKE=''
SHELL='/bin/sh'
STRIP='strip'
VERSION='3.5.0'
WITH_CHECK_FALSE=''
WITH_CHECK_TRUE='#'
YACC='bison -y'
ac_ct_AR='ar'
ac_ct_CC='gcc'
ac_ct_DUMPBIN=''
am__EXEEXT_FALSE=''
am__EXEEXT_TRUE='#'
am__fastdepCC_FALSE='#'
am__fastdepCC_TRUE=''
am__include='include'
am__isrc=' -I$(srcdir)'
am__leading_dot='.'
am__nodep='_no'
am__quote=''
am__tar='$${TAR-tar} chof - "$$tardir"'
am__untar='$${TAR-tar} xf -'
bindir='${exec_prefix}/bin'
build='x86_64-pc-linux-musl'
build_alias=''
build_cpu='x86_64'
build_os='linux-musl'
build_vendor='pc'
datadir='${datarootdir}'
datarootdir='${prefix}/share'
docdir='${datarootdir}/doc/${PACKAGE_TARNAME}'
dvidir='${docdir}'
exec_prefix='${prefix}'
host='x86_64-pc-linux-musl'
host_alias=''
host_cpu='x86_64'
host_os='linux-musl'
host_vendor='pc'
htmldir='${docdir}'
includedir='${prefix}/include'
infodir='${datarootdir}/info'
install_sh='${SHELL} /home/root/applications/danil/libnl-master/build-aux/install-sh'
libdir='${exec_prefix}/lib'
libexecdir='${exec_prefix}/libexec'
localedir='${datarootdir}/locale'
localstatedir='${prefix}/var'
mandir='${datarootdir}/man'
mkdir_p='$(MKDIR_P)'
oldincludedir='/usr/include'
pdfdir='${docdir}'
pkgconfigdir='${libdir}/pkgconfig'
prefix='/home/root/applications/danil/libnl-build/usr/local'
program_transform_name='s,x,x,'
psdir='${docdir}'
sbindir='${exec_prefix}/sbin'
sharedstatedir='${prefix}/com'
subdirs=' doc'
sysconfdir='${prefix}/etc'
target_alias=''

configure: exit 1
