This file contains any messages produced by compilers while
running configure, to aid debugging if configure makes a mistake.

It was created by vlan configure 1.0, which was
generated by GNU Autoconf 2.69.  Invocation command line was

  $ ./configure 

## --------- ##
## Platform. ##
## --------- ##

hostname = angtelos
uname -m = x86_64
uname -r = 5.8.0-rc6-1.g25ae237-default
uname -s = Linux
uname -v = #1 SMP Sun Jul 19 23:15:11 UTC 2020 (25ae237)

/usr/bin/uname -p = unknown
/bin/uname -X     = unknown

/bin/arch              = unknown
/usr/bin/arch -k       = unknown
/usr/convex/getsysinfo = unknown
/usr/bin/hostinfo      = unknown
/bin/machine           = unknown
/usr/bin/oslevel       = unknown
/bin/universe          = unknown

PATH: /usr/local/bin
PATH: /usr/bin
PATH: /bin
PATH: /usr/local/sbin
PATH: /usr/sbin
PATH: /sbin


## ----------- ##
## Core tests. ##
## ----------- ##

configure:2154: checking for a BSD-compatible install
configure:2222: result: /usr/bin/install -c
configure:2233: checking whether build environment is sane
configure:2248: result: yes
configure:2390: checking for a thread-safe mkdir -p
configure:2429: result: /bin/mkdir -p
configure:2436: checking for gawk
configure:2466: result: no
configure:2436: checking for mawk
configure:2466: result: no
configure:2436: checking for nawk
configure:2466: result: no
configure:2436: checking for awk
configure:2452: found /usr/bin/awk
configure:2463: result: awk
configure:2474: checking whether make sets $(MAKE)
configure:2496: result: yes
configure:2525: checking whether make supports nested variables
configure:2542: result: yes
configure:2679: checking whether make supports nested variables
configure:2696: result: yes
configure:2737: checking build system type
configure:2751: result: x86_64-pc-linux-musl
configure:2771: checking host system type
configure:2784: result: x86_64-pc-linux-musl
configure:2825: checking how to print strings
configure:2852: result: printf
configure:2877: checking whether make supports the include directive
configure:2892: make -f confmf.GNU && cat confinc.out
this is the am__doit target
configure:2895: $? = 0
configure:2914: result: yes (GNU style)
configure:2984: checking for gcc
configure:3000: found /usr/bin/gcc
configure:3011: result: gcc
configure:3240: checking for C compiler version
configure:3249: gcc --version >&5
gcc (GCC) 9.2.0
Copyright (C) 2019 Free Software Foundation, Inc.
This is free software; see the source for copying conditions.  There is NO
warranty; not even for MERCHANTABILITY or FITNESS FOR A PARTICULAR PURPOSE.

configure:3260: $? = 0
configure:3249: gcc -v >&5
Using built-in specs.
COLLECT_GCC=gcc
COLLECT_LTO_WRAPPER=/usr/libexec/gcc/x86_64-oe-linux-musl/9.2.0/lto-wrapper
Target: x86_64-oe-linux-musl
Configured with: ../../../../../../work-shared/gcc-9.2.0-r0/gcc-9.2.0/configure --build=x86_64-linux --host=x86_64-oe-linux-musl --target=x86_64-oe-linux-musl --prefix=/usr --exec_prefix=/usr --bindir=/usr/bin --sbindir=/usr/sbin --libexecdir=/usr/libexec --datadir=/usr/share --sysconfdir=/etc --sharedstatedir=/com --localstatedir=/var --libdir=/usr/lib --includedir=/usr/include --oldincludedir=/usr/include --infodir=/usr/share/info --mandir=/usr/share/man --disable-silent-rules --disable-dependency-tracking --with-libtool-sysroot=/home/pavel/projects/sdks/oe-build-x86_64/tmp-musl/work/x86_64-oe-linux-musl/gcc/9.2.0-r0/recipe-sysroot --with-gnu-ld --enable-shared --enable-languages=c,c++ --enable-threads=posix --enable-multilib --enable-c99 --enable-long-long --enable-symvers=gnu --enable-libstdcxx-pch --program-prefix=x86_64-oe-linux-musl- --without-local-prefix --enable-lto --disable-libssp --enable-libitm --disable-bootstrap --disable-libmudflap --with-system-zlib --with-linker-hash-style=gnu --enable-linker-build-id --with-ppl=no --with-cloog=no --enable-checking=release --enable-cheaders=c_global --without-isl --with-build-sysroot=/home/pavel/projects/sdks/oe-build-x86_64/tmp-musl/work/x86_64-oe-linux-musl/gcc/9.2.0-r0/recipe-sysroot --enable-nls --enable-initfini-array
Thread model: posix
gcc version 9.2.0 (GCC) 
configure:3260: $? = 0
configure:3249: gcc -V >&5
gcc: error: unrecognized command line option '-V'
gcc: fatal error: no input files
compilation terminated.
configure:3260: $? = 1
configure:3249: gcc -qversion >&5
gcc: error: unrecognized command line option '-qversion'; did you mean '--version'?
gcc: fatal error: no input files
compilation terminated.
configure:3260: $? = 1
configure:3280: checking whether the C compiler works
configure:3302: gcc    conftest.c  >&5
configure:3306: $? = 0
configure:3354: result: yes
configure:3357: checking for C compiler default output file name
configure:3359: result: a.out
configure:3365: checking for suffix of executables
configure:3372: gcc -o conftest    conftest.c  >&5
configure:3376: $? = 0
configure:3398: result: 
configure:3420: checking whether we are cross compiling
configure:3428: gcc -o conftest    conftest.c  >&5
configure:3432: $? = 0
configure:3439: ./conftest
configure:3443: $? = 0
configure:3458: result: no
configure:3463: checking for suffix of object files
configure:3485: gcc -c   conftest.c >&5
configure:3489: $? = 0
configure:3510: result: o
configure:3514: checking whether we are using the GNU C compiler
configure:3533: gcc -c   conftest.c >&5
configure:3533: $? = 0
configure:3542: result: yes
configure:3551: checking whether gcc accepts -g
configure:3571: gcc -c -g  conftest.c >&5
configure:3571: $? = 0
configure:3612: result: yes
configure:3629: checking for gcc option to accept ISO C89
configure:3692: gcc  -c -g -O2  conftest.c >&5
configure:3692: $? = 0
configure:3705: result: none needed
configure:3730: checking whether gcc understands -c and -o together
configure:3752: gcc -c conftest.c -o conftest2.o
configure:3755: $? = 0
configure:3752: gcc -c conftest.c -o conftest2.o
configure:3755: $? = 0
configure:3767: result: yes
configure:3786: checking dependency style of gcc
configure:3897: result: gcc3
configure:3912: checking for a sed that does not truncate output
configure:3976: result: /bin/sed
configure:3994: checking for grep that handles long lines and -e
configure:4052: result: /bin/grep
configure:4057: checking for egrep
configure:4119: result: /bin/grep -E
configure:4124: checking for fgrep
configure:4186: result: /bin/grep -F
configure:4221: checking for ld used by gcc
configure:4288: result: /usr/x86_64-oe-linux-musl/bin/ld
configure:4295: checking if the linker (/usr/x86_64-oe-linux-musl/bin/ld) is GNU ld
configure:4310: result: yes
configure:4322: checking for BSD- or MS-compatible name lister (nm)
configure:4376: result: /usr/bin/nm -B
configure:4506: checking the name lister (/usr/bin/nm -B) interface
configure:4513: gcc -c -g -O2  conftest.c >&5
configure:4516: /usr/bin/nm -B "conftest.o"
configure:4519: output
0000000000000000 B some_variable
configure:4526: result: BSD nm
configure:4529: checking whether ln -s works
configure:4533: result: yes
configure:4541: checking the maximum length of command line arguments
configure:4672: result: 32768
configure:4720: checking how to convert x86_64-pc-linux-musl file names to x86_64-pc-linux-musl format
configure:4760: result: func_convert_file_noop
configure:4767: checking how to convert x86_64-pc-linux-musl file names to toolchain format
configure:4787: result: func_convert_file_noop
configure:4794: checking for /usr/x86_64-oe-linux-musl/bin/ld option to reload object files
configure:4801: result: -r
configure:4875: checking for objdump
configure:4891: found /usr/bin/objdump
configure:4902: result: objdump
configure:4934: checking how to recognize dependent libraries
configure:5134: result: pass_all
configure:5219: checking for dlltool
configure:5249: result: no
configure:5279: checking how to associate runtime and link libraries
configure:5306: result: printf %s\n
configure:5367: checking for ar
configure:5383: found /usr/bin/ar
configure:5394: result: ar
configure:5431: checking for archiver @FILE support
configure:5448: gcc -c -g -O2  conftest.c >&5
configure:5448: $? = 0
configure:5451: ar cru libconftest.a @conftest.lst >&5
ar: `u' modifier ignored since `D' is the default (see `U')
configure:5454: $? = 0
configure:5459: ar cru libconftest.a @conftest.lst >&5
ar: `u' modifier ignored since `D' is the default (see `U')
ar: conftest.o: No such file or directory
configure:5462: $? = 1
configure:5474: result: @
configure:5532: checking for strip
configure:5548: found /usr/bin/strip
configure:5559: result: strip
configure:5631: checking for ranlib
configure:5647: found /usr/bin/ranlib
configure:5658: result: ranlib
configure:5760: checking command to parse /usr/bin/nm -B output from gcc object
configure:5913: gcc -c -g -O2  conftest.c >&5
configure:5916: $? = 0
configure:5920: /usr/bin/nm -B conftest.o \| sed -n -e 's/^.*[ ]\([ABCDGIRSTW][ABCDGIRSTW]*\)[ ][ ]*\([_A-Za-z][_A-Za-z0-9]*\)$/  /p' | sed '/ __gnu_lto/d' \> conftest.nm
configure:5923: $? = 0
configure:5989: gcc -o conftest -g -O2   conftest.c conftstm.o >&5
configure:5992: $? = 0
configure:6030: result: ok
configure:6077: checking for sysroot
configure:6112: result: no
configure:6119: checking for a working dd
configure:6157: result: /bin/dd
configure:6161: checking how to truncate binary pipes
configure:6176: result: /bin/dd bs=4096 count=1
configure:6312: gcc -c -g -O2  conftest.c >&5
configure:6315: $? = 0
configure:6505: checking for mt
configure:6535: result: no
configure:6555: checking if : is a manifest tool
configure:6561: : '-?'
configure:6569: result: no
configure:7246: checking how to run the C preprocessor
configure:7277: gcc -E  conftest.c
configure:7277: $? = 0
configure:7291: gcc -E  conftest.c
conftest.c:11:10: fatal error: ac_nonexistent.h: No such file or directory
   11 | #include <ac_nonexistent.h>
      |          ^~~~~~~~~~~~~~~~~~
compilation terminated.
configure:7291: $? = 1
configure: failed program was:
| /* confdefs.h */
| #define PACKAGE_NAME "vlan"
| #define PACKAGE_TARNAME "vlan"
| #define PACKAGE_VERSION "1.0"
| #define PACKAGE_STRING "vlan 1.0"
| #define PACKAGE_BUGREPORT ""
| #define PACKAGE_URL ""
| #define PACKAGE "vlan"
| #define VERSION "1.0"
| /* end confdefs.h.  */
| #include <ac_nonexistent.h>
configure:7316: result: gcc -E
configure:7336: gcc -E  conftest.c
configure:7336: $? = 0
configure:7350: gcc -E  conftest.c
conftest.c:11:10: fatal error: ac_nonexistent.h: No such file or directory
   11 | #include <ac_nonexistent.h>
      |          ^~~~~~~~~~~~~~~~~~
compilation terminated.
configure:7350: $? = 1
configure: failed program was:
| /* confdefs.h */
| #define PACKAGE_NAME "vlan"
| #define PACKAGE_TARNAME "vlan"
| #define PACKAGE_VERSION "1.0"
| #define PACKAGE_STRING "vlan 1.0"
| #define PACKAGE_BUGREPORT ""
| #define PACKAGE_URL ""
| #define PACKAGE "vlan"
| #define VERSION "1.0"
| /* end confdefs.h.  */
| #include <ac_nonexistent.h>
configure:7379: checking for ANSI C header files
configure:7399: gcc -c -g -O2  conftest.c >&5
configure:7399: $? = 0
configure:7472: gcc -o conftest -g -O2   conftest.c  >&5
configure:7472: $? = 0
configure:7472: ./conftest
configure:7472: $? = 0
configure:7483: result: yes
configure:7496: checking for sys/types.h
configure:7496: gcc -c -g -O2  conftest.c >&5
configure:7496: $? = 0
configure:7496: result: yes
configure:7496: checking for sys/stat.h
configure:7496: gcc -c -g -O2  conftest.c >&5
configure:7496: $? = 0
configure:7496: result: yes
configure:7496: checking for stdlib.h
configure:7496: gcc -c -g -O2  conftest.c >&5
configure:7496: $? = 0
configure:7496: result: yes
configure:7496: checking for string.h
configure:7496: gcc -c -g -O2  conftest.c >&5
configure:7496: $? = 0
configure:7496: result: yes
configure:7496: checking for memory.h
configure:7496: gcc -c -g -O2  conftest.c >&5
configure:7496: $? = 0
configure:7496: result: yes
configure:7496: checking for strings.h
configure:7496: gcc -c -g -O2  conftest.c >&5
configure:7496: $? = 0
configure:7496: result: yes
configure:7496: checking for inttypes.h
configure:7496: gcc -c -g -O2  conftest.c >&5
configure:7496: $? = 0
configure:7496: result: yes
configure:7496: checking for stdint.h
configure:7496: gcc -c -g -O2  conftest.c >&5
configure:7496: $? = 0
configure:7496: result: yes
configure:7496: checking for unistd.h
configure:7496: gcc -c -g -O2  conftest.c >&5
configure:7496: $? = 0
configure:7496: result: yes
configure:7510: checking for dlfcn.h
configure:7510: gcc -c -g -O2  conftest.c >&5
configure:7510: $? = 0
configure:7510: result: yes
configure:7766: checking for objdir
configure:7781: result: .libs
configure:8045: checking if gcc supports -fno-rtti -fno-exceptions
configure:8063: gcc -c -g -O2  -fno-rtti -fno-exceptions conftest.c >&5
cc1: warning: command line option '-fno-rtti' is valid for C++/D/ObjC++ but not for C
configure:8067: $? = 0
configure:8080: result: no
configure:8438: checking for gcc option to produce PIC
configure:8445: result: -fPIC -DPIC
configure:8453: checking if gcc PIC flag -fPIC -DPIC works
configure:8471: gcc -c -g -O2  -fPIC -DPIC -DPIC conftest.c >&5
configure:8475: $? = 0
configure:8488: result: yes
configure:8517: checking if gcc static flag -static works
configure:8545: result: no
configure:8560: checking if gcc supports -c -o file.o
configure:8581: gcc -c -g -O2  -o out/conftest2.o conftest.c >&5
configure:8585: $? = 0
configure:8607: result: yes
configure:8615: checking if gcc supports -c -o file.o
configure:8662: result: yes
configure:8695: checking whether the gcc linker (/usr/x86_64-oe-linux-musl/bin/ld -m elf_x86_64) supports shared libraries
configure:9954: result: yes
configure:9991: checking whether -lc should be explicitly linked in
configure:9999: gcc -c -g -O2  conftest.c >&5
configure:10002: $? = 0
configure:10017: gcc -shared  -fPIC -DPIC conftest.o  -v -Wl,-soname -Wl,conftest -o conftest 2\>\&1 \| /bin/grep  -lc  \>/dev/null 2\>\&1
configure:10020: $? = 0
configure:10034: result: no
configure:10194: checking dynamic linker characteristics
configure:10775: gcc -o conftest -g -O2   -Wl,-rpath -Wl,/foo conftest.c  >&5
configure:10775: $? = 0
configure:11012: result: GNU/Linux ld.so
configure:11134: checking how to hardcode library paths into programs
configure:11159: result: immediate
configure:11707: checking whether stripping libraries is possible
configure:11712: result: yes
configure:11747: checking if libtool supports shared libraries
configure:11749: result: yes
configure:11752: checking whether to build shared libraries
configure:11777: result: yes
configure:11780: checking whether to build static libraries
configure:11784: result: yes
configure:11876: checking for pkg-config
configure:11894: found /usr/bin/pkg-config
configure:11906: result: /usr/bin/pkg-config
configure:11931: checking pkg-config is at least version 0.9.0
configure:11934: result: yes
configure:11945: checking for libnl-route-3.0
configure:11952: $PKG_CONFIG --exists --print-errors "libnl-route-3.0"
configure:11955: $? = 0
configure:11969: $PKG_CONFIG --exists --print-errors "libnl-route-3.0"
configure:11972: $? = 0
configure:12030: result: yes
configure:12039: checking for libnl-cli-3.0
configure:12046: $PKG_CONFIG --exists --print-errors "libnl-cli-3.0"
configure:12049: $? = 0
configure:12063: $PKG_CONFIG --exists --print-errors "libnl-cli-3.0"
configure:12066: $? = 0
configure:12124: result: yes
configure:12300: creating ./config.status

## ---------------------- ##
## Running config.status. ##
## ---------------------- ##

This file was extended by vlan config.status 1.0, which was
generated by GNU Autoconf 2.69.  Invocation command line was

  CONFIG_FILES    = 
  CONFIG_HEADERS  = 
  CONFIG_LINKS    = 
  CONFIG_COMMANDS = 
  $ ./config.status 

on angtelos

config.status:980: creating Makefile
config.status:1152: executing depfiles commands
config.status:1227: cd .       && sed -e '/# am--include-marker/d' Makefile         | make -f - am--depfiles
make: Nothing to be done for 'am--depfiles'.
config.status:1234: $? = 0
config.status:1152: executing libtool commands

## ---------------- ##
## Cache variables. ##
## ---------------- ##

ac_cv_build='x86_64-pc-linux-musl'
ac_cv_c_compiler_gnu='yes'
ac_cv_env_CC_set=''
ac_cv_env_CC_value=''
ac_cv_env_CFLAGS_set=''
ac_cv_env_CFLAGS_value=''
ac_cv_env_CPPFLAGS_set=''
ac_cv_env_CPPFLAGS_value=''
ac_cv_env_CPP_set=''
ac_cv_env_CPP_value=''
ac_cv_env_LDFLAGS_set=''
ac_cv_env_LDFLAGS_value=''
ac_cv_env_LIBNL_CFLAGS_set=''
ac_cv_env_LIBNL_CFLAGS_value=''
ac_cv_env_LIBNL_CLI_CFLAGS_set=''
ac_cv_env_LIBNL_CLI_CFLAGS_value=''
ac_cv_env_LIBNL_CLI_LIBS_set=''
ac_cv_env_LIBNL_CLI_LIBS_value=''
ac_cv_env_LIBNL_LIBS_set=''
ac_cv_env_LIBNL_LIBS_value=''
ac_cv_env_LIBS_set=''
ac_cv_env_LIBS_value=''
ac_cv_env_LT_SYS_LIBRARY_PATH_set=''
ac_cv_env_LT_SYS_LIBRARY_PATH_value=''
ac_cv_env_PKG_CONFIG_LIBDIR_set=''
ac_cv_env_PKG_CONFIG_LIBDIR_value=''
ac_cv_env_PKG_CONFIG_PATH_set=''
ac_cv_env_PKG_CONFIG_PATH_value=''
ac_cv_env_PKG_CONFIG_set=''
ac_cv_env_PKG_CONFIG_value=''
ac_cv_env_build_alias_set=''
ac_cv_env_build_alias_value=''
ac_cv_env_host_alias_set=''
ac_cv_env_host_alias_value=''
ac_cv_env_target_alias_set=''
ac_cv_env_target_alias_value=''
ac_cv_header_dlfcn_h='yes'
ac_cv_header_inttypes_h='yes'
ac_cv_header_memory_h='yes'
ac_cv_header_stdc='yes'
ac_cv_header_stdint_h='yes'
ac_cv_header_stdlib_h='yes'
ac_cv_header_string_h='yes'
ac_cv_header_strings_h='yes'
ac_cv_header_sys_stat_h='yes'
ac_cv_header_sys_types_h='yes'
ac_cv_header_unistd_h='yes'
ac_cv_host='x86_64-pc-linux-musl'
ac_cv_objext='o'
ac_cv_path_EGREP='/bin/grep -E'
ac_cv_path_FGREP='/bin/grep -F'
ac_cv_path_GREP='/bin/grep'
ac_cv_path_SED='/bin/sed'
ac_cv_path_ac_pt_PKG_CONFIG='/usr/bin/pkg-config'
ac_cv_path_install='/usr/bin/install -c'
ac_cv_path_lt_DD='/bin/dd'
ac_cv_path_mkdir='/bin/mkdir'
ac_cv_prog_AWK='awk'
ac_cv_prog_CPP='gcc -E'
ac_cv_prog_ac_ct_AR='ar'
ac_cv_prog_ac_ct_CC='gcc'
ac_cv_prog_ac_ct_OBJDUMP='objdump'
ac_cv_prog_ac_ct_RANLIB='ranlib'
ac_cv_prog_ac_ct_STRIP='strip'
ac_cv_prog_cc_c89=''
ac_cv_prog_cc_g='yes'
ac_cv_prog_make_make_set='yes'
am_cv_CC_dependencies_compiler_type='gcc3'
am_cv_make_support_nested_variables='yes'
am_cv_prog_cc_c_o='yes'
lt_cv_ar_at_file='@'
lt_cv_archive_cmds_need_lc='no'
lt_cv_deplibs_check_method='pass_all'
lt_cv_file_magic_cmd='$MAGIC_CMD'
lt_cv_file_magic_test_file=''
lt_cv_ld_reload_flag='-r'
lt_cv_nm_interface='BSD nm'
lt_cv_objdir='.libs'
lt_cv_path_LD='/usr/x86_64-oe-linux-musl/bin/ld'
lt_cv_path_NM='/usr/bin/nm -B'
lt_cv_path_mainfest_tool='no'
lt_cv_prog_compiler_c_o='yes'
lt_cv_prog_compiler_pic='-fPIC -DPIC'
lt_cv_prog_compiler_pic_works='yes'
lt_cv_prog_compiler_rtti_exceptions='no'
lt_cv_prog_compiler_static_works='no'
lt_cv_prog_gnu_ld='yes'
lt_cv_sharedlib_from_linklib_cmd='printf %s\n'
lt_cv_shlibpath_overrides_runpath='no'
lt_cv_sys_global_symbol_pipe='sed -n -e '"'"'s/^.*[	 ]\([ABCDGIRSTW][ABCDGIRSTW]*\)[	 ][	 ]*\([_A-Za-z][_A-Za-z0-9]*\)$/\1 \2 \2/p'"'"' | sed '"'"'/ __gnu_lto/d'"'"
lt_cv_sys_global_symbol_to_c_name_address='sed -n -e '"'"'s/^: \(.*\) .*$/  {"\1", (void *) 0},/p'"'"' -e '"'"'s/^[ABCDGIRSTW][ABCDGIRSTW]* .* \(.*\)$/  {"\1", (void *) \&\1},/p'"'"
lt_cv_sys_global_symbol_to_c_name_address_lib_prefix='sed -n -e '"'"'s/^: \(.*\) .*$/  {"\1", (void *) 0},/p'"'"' -e '"'"'s/^[ABCDGIRSTW][ABCDGIRSTW]* .* \(lib.*\)$/  {"\1", (void *) \&\1},/p'"'"' -e '"'"'s/^[ABCDGIRSTW][ABCDGIRSTW]* .* \(.*\)$/  {"lib\1", (void *) \&\1},/p'"'"
lt_cv_sys_global_symbol_to_cdecl='sed -n -e '"'"'s/^T .* \(.*\)$/extern int \1();/p'"'"' -e '"'"'s/^[ABCDGIRSTW][ABCDGIRSTW]* .* \(.*\)$/extern char \1;/p'"'"
lt_cv_sys_global_symbol_to_import=''
lt_cv_sys_max_cmd_len='32768'
lt_cv_to_host_file_cmd='func_convert_file_noop'
lt_cv_to_tool_file_cmd='func_convert_file_noop'
lt_cv_truncate_bin='/bin/dd bs=4096 count=1'
pkg_cv_LIBNL_CFLAGS='-I/usr/include/libnl3'
pkg_cv_LIBNL_CLI_CFLAGS='-I/usr/include/libnl3'
pkg_cv_LIBNL_CLI_LIBS='-lnl-cli-3 -lnl-genl-3 -lnl-nf-3 -lnl-route-3 -lnl-3'
pkg_cv_LIBNL_LIBS='-lnl-route-3 -lnl-3'

## ----------------- ##
## Output variables. ##
## ----------------- ##

ACLOCAL='${SHELL} /home/root/applications/danil/vlan/missing aclocal-1.16'
AMDEPBACKSLASH='\'
AMDEP_FALSE='#'
AMDEP_TRUE=''
AMTAR='$${TAR-tar}'
AM_BACKSLASH='\'
AM_DEFAULT_V='$(AM_DEFAULT_VERBOSITY)'
AM_DEFAULT_VERBOSITY='0'
AM_V='$(V)'
AR='ar'
AUTOCONF='${SHELL} /home/root/applications/danil/vlan/missing autoconf'
AUTOHEADER='${SHELL} /home/root/applications/danil/vlan/missing autoheader'
AUTOMAKE='${SHELL} /home/root/applications/danil/vlan/missing automake-1.16'
AWK='awk'
CC='gcc'
CCDEPMODE='depmode=gcc3'
CFLAGS='-g -O2'
CPP='gcc -E'
CPPFLAGS=''
CYGPATH_W='echo'
DEFS='-DPACKAGE_NAME=\"vlan\" -DPACKAGE_TARNAME=\"vlan\" -DPACKAGE_VERSION=\"1.0\" -DPACKAGE_STRING=\"vlan\ 1.0\" -DPACKAGE_BUGREPORT=\"\" -DPACKAGE_URL=\"\" -DPACKAGE=\"vlan\" -DVERSION=\"1.0\" -DSTDC_HEADERS=1 -DHAVE_SYS_TYPES_H=1 -DHAVE_SYS_STAT_H=1 -DHAVE_STDLIB_H=1 -DHAVE_STRING_H=1 -DHAVE_MEMORY_H=1 -DHAVE_STRINGS_H=1 -DHAVE_INTTYPES_H=1 -DHAVE_STDINT_H=1 -DHAVE_UNISTD_H=1 -DHAVE_DLFCN_H=1 -DLT_OBJDIR=\".libs/\"'
DEPDIR='.deps'
DLLTOOL='false'
DSYMUTIL=''
DUMPBIN=''
ECHO_C=''
ECHO_N='-n'
ECHO_T=''
EGREP='/bin/grep -E'
EXEEXT=''
FGREP='/bin/grep -F'
GREP='/bin/grep'
INSTALL_DATA='${INSTALL} -m 644'
INSTALL_PROGRAM='${INSTALL}'
INSTALL_SCRIPT='${INSTALL}'
INSTALL_STRIP_PROGRAM='$(install_sh) -c -s'
LD='/usr/x86_64-oe-linux-musl/bin/ld -m elf_x86_64'
LDFLAGS=''
LIBNL_CFLAGS='-I/usr/include/libnl3'
LIBNL_CLI_CFLAGS='-I/usr/include/libnl3'
LIBNL_CLI_LIBS='-lnl-cli-3 -lnl-genl-3 -lnl-nf-3 -lnl-route-3 -lnl-3'
LIBNL_LIBS='-lnl-route-3 -lnl-3'
LIBOBJS=''
LIBS=''
LIBTOOL='$(SHELL) $(top_builddir)/libtool'
LIPO=''
LN_S='ln -s'
LTLIBOBJS=''
LT_SYS_LIBRARY_PATH=''
MAKEINFO='${SHELL} /home/root/applications/danil/vlan/missing makeinfo'
MANIFEST_TOOL=':'
MKDIR_P='/bin/mkdir -p'
NM='/usr/bin/nm -B'
NMEDIT=''
OBJDUMP='objdump'
OBJEXT='o'
OTOOL64=''
OTOOL=''
PACKAGE='vlan'
PACKAGE_BUGREPORT=''
PACKAGE_NAME='vlan'
PACKAGE_STRING='vlan 1.0'
PACKAGE_TARNAME='vlan'
PACKAGE_URL=''
PACKAGE_VERSION='1.0'
PATH_SEPARATOR=':'
PKG_CONFIG='/usr/bin/pkg-config'
PKG_CONFIG_LIBDIR=''
PKG_CONFIG_PATH=''
RANLIB='ranlib'
SED='/bin/sed'
SET_MAKE=''
SHELL='/bin/sh'
STRIP='strip'
VERSION='1.0'
ac_ct_AR='ar'
ac_ct_CC='gcc'
ac_ct_DUMPBIN=''
am__EXEEXT_FALSE=''
am__EXEEXT_TRUE='#'
am__fastdepCC_FALSE='#'
am__fastdepCC_TRUE=''
am__include='include'
am__isrc=''
am__leading_dot='.'
am__nodep='_no'
am__quote=''
am__tar='$${TAR-tar} chof - "$$tardir"'
am__untar='$${TAR-tar} xf -'
bindir='${exec_prefix}/bin'
build='x86_64-pc-linux-musl'
build_alias=''
build_cpu='x86_64'
build_os='linux-musl'
build_vendor='pc'
datadir='${datarootdir}'
datarootdir='${prefix}/share'
docdir='${datarootdir}/doc/${PACKAGE_TARNAME}'
dvidir='${docdir}'
exec_prefix='${prefix}'
host='x86_64-pc-linux-musl'
host_alias=''
host_cpu='x86_64'
host_os='linux-musl'
host_vendor='pc'
htmldir='${docdir}'
includedir='${prefix}/include'
infodir='${datarootdir}/info'
install_sh='${SHELL} /home/root/applications/danil/vlan/install-sh'
libdir='${exec_prefix}/lib'
libexecdir='${exec_prefix}/libexec'
localedir='${datarootdir}/locale'
localstatedir='${prefix}/var'
mandir='${datarootdir}/man'
mkdir_p='$(MKDIR_P)'
oldincludedir='/usr/include'
pdfdir='${docdir}'
prefix='/usr/local'
program_transform_name='s,x,x,'
psdir='${docdir}'
sbindir='${exec_prefix}/sbin'
sharedstatedir='${prefix}/com'
sysconfdir='${prefix}/etc'
target_alias=''

## ----------- ##
## confdefs.h. ##
## ----------- ##

/* confdefs.h */
#define PACKAGE_NAME "vlan"
#define PACKAGE_TARNAME "vlan"
#define PACKAGE_VERSION "1.0"
#define PACKAGE_STRING "vlan 1.0"
#define PACKAGE_BUGREPORT ""
#define PACKAGE_URL ""
#define PACKAGE "vlan"
#define VERSION "1.0"
#define STDC_HEADERS 1
#define HAVE_SYS_TYPES_H 1
#define HAVE_SYS_STAT_H 1
#define HAVE_STDLIB_H 1
#define HAVE_STRING_H 1
#define HAVE_MEMORY_H 1
#define HAVE_STRINGS_H 1
#define HAVE_INTTYPES_H 1
#define HAVE_STDINT_H 1
#define HAVE_UNISTD_H 1
#define HAVE_DLFCN_H 1
#define LT_OBJDIR ".libs/"

configure: exit 0
